2019-11-10T17:31:13+00:00 CRITICAL syntax error, unexpected '$imo_separate_categories' (T_VARIABLE), expecting '(' in /home/ivan/bitnami/apps/wordpress/htdocs/wp-content/themes/imo-pagebuilder-widgets/functions.php on line 134

2019-11-10T17:32:15+00:00 CRITICAL syntax error, unexpected '$imo_separate_categories' (T_VARIABLE), expecting '(' in /home/ivan/bitnami/apps/wordpress/htdocs/wp-content/themes/imo-pagebuilder-widgets/functions.php on line 134

2019-11-10T17:32:31+00:00 CRITICAL syntax error, unexpected '$imo_separate_categories' (T_VARIABLE), expecting '(' in /home/ivan/bitnami/apps/wordpress/htdocs/wp-content/themes/imo-pagebuilder-widgets/functions.php on line 134

2019-11-10T17:34:16+00:00 CRITICAL syntax error, unexpected '$imo_separate_categories' (T_VARIABLE), expecting '(' in /home/ivan/bitnami/apps/wordpress/htdocs/wp-content/themes/imo-pagebuilder-widgets/functions.php on line 134

2019-11-10T17:34:31+00:00 CRITICAL syntax error, unexpected '{', expecting '(' in /home/ivan/bitnami/apps/wordpress/htdocs/wp-content/themes/imo-pagebuilder-widgets/functions.php on line 134

2019-11-10T17:34:38+00:00 CRITICAL syntax error, unexpected '{', expecting '(' in /home/ivan/bitnami/apps/wordpress/htdocs/wp-content/themes/imo-pagebuilder-widgets/functions.php on line 134

2019-11-10T17:34:46+00:00 CRITICAL syntax error, unexpected '{', expecting '(' in /home/ivan/bitnami/apps/wordpress/htdocs/wp-content/themes/imo-pagebuilder-widgets/functions.php on line 134

2019-11-10T17:34:49+00:00 CRITICAL syntax error, unexpected '{', expecting '(' in /home/ivan/bitnami/apps/wordpress/htdocs/wp-content/themes/imo-pagebuilder-widgets/functions.php on line 134

2019-11-10T17:53:06+00:00 CRITICAL Uncaught ArgumentCountError: Too few arguments to function imo_separate_tags(), 0 passed in /home/ivan/bitnami/apps/wordpress/htdocs/wp-content/themes/imo-pagebuilder-widgets/content-single.php on line 6 and at least 1 expected in /home/ivan/bitnami/apps/wordpress/htdocs/wp-content/themes/imo-pagebuilder-widgets/functions.php:146
Stack trace:
#0 /home/ivan/bitnami/apps/wordpress/htdocs/wp-content/themes/imo-pagebuilder-widgets/content-single.php(6): imo_separate_tags()
#1 /home/ivan/bitnami/apps/wordpress/htdocs/wp-includes/template.php(724): require('/home/ivan/bitn...')
#2 /home/ivan/bitnami/apps/wordpress/htdocs/wp-includes/template.php(671): load_template('/home/ivan/bitn...', false)
#3 /home/ivan/bitnami/apps/wordpress/htdocs/wp-includes/general-template.php(168): locate_template(Array, true, false)
#4 /home/ivan/bitnami/apps/wordpress/htdocs/wp-content/themes/imo-pagebuilder-widgets/single.php(8): get_template_part('content', 'single')
#5 /home/ivan/bitnami/apps/wordpress/htdocs/wp-includes/template-loa in /home/ivan/bitnami/apps/wordpress/htdocs/wp-content/themes/imo-pagebuilder-widgets/functions.php on line 146

2019-11-10T18:01:03+00:00 CRITICAL Uncaught ArgumentCountError: Too few arguments to function get_tag_link(), 0 passed in /home/ivan/bitnami/apps/wordpress/htdocs/wp-content/themes/imo-pagebuilder-widgets/functions.php on line 147 and exactly 1 expected in /home/ivan/bitnami/apps/wordpress/htdocs/wp-includes/category-template.php:1108
Stack trace:
#0 /home/ivan/bitnami/apps/wordpress/htdocs/wp-content/themes/imo-pagebuilder-widgets/functions.php(147): get_tag_link()
#1 /home/ivan/bitnami/apps/wordpress/htdocs/wp-content/themes/imo-pagebuilder-widgets/content-single.php(6): imo_separate_tags()
#2 /home/ivan/bitnami/apps/wordpress/htdocs/wp-includes/template.php(724): require('/home/ivan/bitn...')
#3 /home/ivan/bitnami/apps/wordpress/htdocs/wp-includes/template.php(671): load_template('/home/ivan/bitn...', false)
#4 /home/ivan/bitnami/apps/wordpress/htdocs/wp-includes/general-template.php(168): locate_template(Array, true, false)
#5 /home/ivan/bitnami/apps/wordpress/htdocs/wp-content/themes/imo-pagebuilder-widgets/single.php(8): get_template_par in /home/ivan/bitnami/apps/wordpress/htdocs/wp-includes/category-template.php on line 1108

2019-11-10T18:16:59+00:00 CRITICAL syntax error, unexpected '{' in /home/ivan/bitnami/apps/wordpress/htdocs/wp-content/themes/imo-pagebuilder-widgets/functions.php on line 160

